# JRE version: Java(TM) SE Runtime Environment (8.0_131-b11) (build 1.8.0_131-b11)
# Java VM: Java HotSpot(TM) 64-Bit Server VM (25.131-b11 mixed mode windows-amd64 compressed oops)
Heap:
 PSYoungGen      total 137728K, used 32856K [0x000000076b500000, 0x0000000776f80000, 0x00000007c0000000)
  eden space 126976K, 17% used [0x000000076b500000,0x000000076ca98f60,0x0000000773100000)
  from space 10752K, 99% used [0x0000000773100000,0x0000000773b7d2b0,0x0000000773b80000)
  to   space 12288K, 0% used [0x0000000776380000,0x0000000776380000,0x0000000776f80000)
 ParOldGen       total 98816K, used 9608K [0x00000006c1e00000, 0x00000006c7e80000, 0x000000076b500000)
  object space 98816K, 9% used [0x00000006c1e00000,0x00000006c2762018,0x00000006c7e80000)
 Metaspace       used 31759K, capacity 33076K, committed 33280K, reserved 1077248K
  class space    used 4209K, capacity 4488K, committed 4608K, reserved 1048576K
GC Heap History (10 events):
Event: 1.353 GC heap before
{Heap before GC invocations=2 (full 0):
 PSYoungGen      total 76288K, used 72497K [0x000000076b500000, 0x0000000770a00000, 0x00000007c0000000)
  eden space 65536K, 100% used [0x000000076b500000,0x000000076f500000,0x000000076f500000)
  from space 10752K, 64% used [0x000000076f500000,0x000000076fbcc788,0x000000076ff80000)
  to   space 10752K, 0% used [0x000000076ff80000,0x000000076ff80000,0x0000000770a00000)
 ParOldGen       total 175104K, used 16K [0x00000006c1e00000, 0x00000006cc900000, 0x000000076b500000)
  object space 175104K, 0% used [0x00000006c1e00000,0x00000006c1e04000,0x00000006cc900000)
 Metaspace       used 16904K, capacity 17422K, committed 17536K, reserved 1064960K
  class space    used 2287K, capacity 2427K, committed 2432K, reserved 1048576K
Event: 1.364 GC heap after
Heap after GC invocations=2 (full 0):
 PSYoungGen      total 76288K, used 8008K [0x000000076b500000, 0x0000000774a00000, 0x00000007c0000000)
  eden space 65536K, 0% used [0x000000076b500000,0x000000076b500000,0x000000076f500000)
  from space 10752K, 74% used [0x000000076ff80000,0x00000007707523b0,0x0000000770a00000)
  to   space 10752K, 0% used [0x000000076f500000,0x000000076f500000,0x000000076ff80000)
 ParOldGen       total 175104K, used 24K [0x00000006c1e00000, 0x00000006cc900000, 0x000000076b500000)
  object space 175104K, 0% used [0x00000006c1e00000,0x00000006c1e06000,0x00000006cc900000)
 Metaspace       used 16904K, capacity 17422K, committed 17536K, reserved 1064960K
  class space    used 2287K, capacity 2427K, committed 2432K, reserved 1048576K
}
Event: 1.585 GC heap before
{Heap before GC invocations=3 (full 0):
 PSYoungGen      total 76288K, used 43925K [0x000000076b500000, 0x0000000774a00000, 0x00000007c0000000)
  eden space 65536K, 54% used [0x000000076b500000,0x000000076d813058,0x000000076f500000)
  from space 10752K, 74% used [0x000000076ff80000,0x00000007707523b0,0x0000000770a00000)
  to   space 10752K, 0% used [0x000000076f500000,0x000000076f500000,0x000000076ff80000)
 ParOldGen       total 175104K, used 24K [0x00000006c1e00000, 0x00000006cc900000, 0x000000076b500000)
  object space 175104K, 0% used [0x00000006c1e00000,0x00000006c1e06000,0x00000006cc900000)
 Metaspace       used 20609K, capacity 21156K, committed 21296K, reserved 1067008K
  class space    used 2744K, capacity 2874K, committed 2944K, reserved 1048576K
Event: 1.589 GC heap after
Heap after GC invocations=3 (full 0):
 PSYoungGen      total 76288K, used 8223K [0x000000076b500000, 0x0000000774a00000, 0x00000007c0000000)
  eden space 65536K, 0% used [0x000000076b500000,0x000000076b500000,0x000000076f500000)
  from space 10752K, 76% used [0x000000076f500000,0x000000076fd07f90,0x000000076ff80000)
  to   space 10752K, 0% used [0x0000000773f80000,0x0000000773f80000,0x0000000774a00000)
 ParOldGen       total 175104K, used 32K [0x00000006c1e00000, 0x00000006cc900000, 0x000000076b500000)
  object space 175104K, 0% used [0x00000006c1e00000,0x00000006c1e08000,0x00000006cc900000)
 Metaspace       used 20609K, capacity 21156K, committed 21296K, reserved 1067008K
  class space    used 2744K, capacity 2874K, committed 2944K, reserved 1048576K
}
Event: 1.589 GC heap before
{Heap before GC invocations=4 (full 1):
 PSYoungGen      total 76288K, used 8223K [0x000000076b500000, 0x0000000774a00000, 0x00000007c0000000)
  eden space 65536K, 0% used [0x000000076b500000,0x000000076b500000,0x000000076f500000)
  from space 10752K, 76% used [0x000000076f500000,0x000000076fd07f90,0x000000076ff80000)
  to   space 10752K, 0% used [0x0000000773f80000,0x0000000773f80000,0x0000000774a00000)
 ParOldGen       total 175104K, used 32K [0x00000006c1e00000, 0x00000006cc900000, 0x000000076b500000)
  object space 175104K, 0% used [0x00000006c1e00000,0x00000006c1e08000,0x00000006cc900000)
 Metaspace       used 20609K, capacity 21156K, committed 21296K, reserved 1067008K
  class space    used 2744K, capacity 2874K, committed 2944K, reserved 1048576K
Event: 1.607 GC heap after
Heap after GC invocations=4 (full 1):
 PSYoungGen      total 76288K, used 0K [0x000000076b500000, 0x0000000774a00000, 0x00000007c0000000)
  eden space 65536K, 0% used [0x000000076b500000,0x000000076b500000,0x000000076f500000)
  from space 10752K, 0% used [0x000000076f500000,0x000000076f500000,0x000000076ff80000)
  to   space 10752K, 0% used [0x0000000773f80000,0x0000000773f80000,0x0000000774a00000)
 ParOldGen       total 98816K, used 7784K [0x00000006c1e00000, 0x00000006c7e80000, 0x000000076b500000)
  object space 98816K, 7% used [0x00000006c1e00000,0x00000006c259a3f0,0x00000006c7e80000)
 Metaspace       used 20609K, capacity 21156K, committed 21296K, reserved 1067008K
  class space    used 2744K, capacity 2874K, committed 2944K, reserved 1048576K
}
Event: 1.879 GC heap before
{Heap before GC invocations=5 (full 1):
 PSYoungGen      total 76288K, used 65536K [0x000000076b500000, 0x0000000774a00000, 0x00000007c0000000)
  eden space 65536K, 100% used [0x000000076b500000,0x000000076f500000,0x000000076f500000)
  from space 10752K, 0% used [0x000000076f500000,0x000000076f500000,0x000000076ff80000)
  to   space 10752K, 0% used [0x0000000773f80000,0x0000000773f80000,0x0000000774a00000)
 ParOldGen       total 98816K, used 7784K [0x00000006c1e00000, 0x00000006c7e80000, 0x000000076b500000)
  object space 98816K, 7% used [0x00000006c1e00000,0x00000006c259a3f0,0x00000006c7e80000)
 Metaspace       used 25514K, capacity 26278K, committed 26368K, reserved 1073152K
  class space    used 3360K, capacity 3557K, committed 3584K, reserved 1048576K
Event: 1.882 GC heap after
Heap after GC invocations=5 (full 1):
 PSYoungGen      total 112128K, used 6583K [0x000000076b500000, 0x0000000774600000, 0x00000007c0000000)
  eden space 105472K, 0% used [0x000000076b500000,0x000000076b500000,0x0000000771c00000)
  from space 6656K, 98% used [0x0000000773f80000,0x00000007745ede10,0x0000000774600000)
  to   space 10752K, 0% used [0x0000000773100000,0x0000000773100000,0x0000000773b80000)
 ParOldGen       total 98816K, used 7792K [0x00000006c1e00000, 0x00000006c7e80000, 0x000000076b500000)
  object space 98816K, 7% used [0x00000006c1e00000,0x00000006c259c3f0,0x00000006c7e80000)
 Metaspace       used 25514K, capacity 26278K, committed 26368K, reserved 1073152K
  class space    used 3360K, capacity 3557K, committed 3584K, reserved 1048576K
}
Event: 2.450 GC heap before
{Heap before GC invocations=6 (full 1):
 PSYoungGen      total 112128K, used 112055K [0x000000076b500000, 0x0000000774600000, 0x00000007c0000000)
  eden space 105472K, 100% used [0x000000076b500000,0x0000000771c00000,0x0000000771c00000)
  from space 6656K, 98% used [0x0000000773f80000,0x00000007745ede10,0x0000000774600000)
  to   space 10752K, 0% used [0x0000000773100000,0x0000000773100000,0x0000000773b80000)
 ParOldGen       total 98816K, used 7792K [0x00000006c1e00000, 0x00000006c7e80000, 0x000000076b500000)
  object space 98816K, 7% used [0x00000006c1e00000,0x00000006c259c3f0,0x00000006c7e80000)
 Metaspace       used 31344K, capacity 32560K, committed 32640K, reserved 1077248K
  class space    used 4158K, capacity 4414K, committed 4480K, reserved 1048576K
Event: 2.456 GC heap after
Heap after GC invocations=6 (full 1):
 PSYoungGen      total 137728K, used 10740K [0x000000076b500000, 0x0000000776f80000, 0x00000007c0000000)
  eden space 126976K, 0% used [0x000000076b500000,0x000000076b500000,0x0000000773100000)
  from space 10752K, 99% used [0x0000000773100000,0x0000000773b7d2b0,0x0000000773b80000)
  to   space 12288K, 0% used [0x0000000776380000,0x0000000776380000,0x0000000776f80000)
 ParOldGen       total 98816K, used 9608K [0x00000006c1e00000, 0x00000006c7e80000, 0x000000076b500000)
  object space 98816K, 9% used [0x00000006c1e00000,0x00000006c2762018,0x00000006c7e80000)
 Metaspace       used 31344K, capacity 32560K, committed 32640K, reserved 1077248K
  class space    used 4158K, capacity 4414K, committed 4480K, reserved 1048576K
}

